# JRE version: OpenJDK Runtime Environment Temurin-21.0.11+10 (21.0.11+10) (build 21.0.11+10-LTS)
# Java VM: OpenJDK 64-Bit Server VM Temurin-21.0.11+10 (21.0.11+10-LTS, mixed mode, sharing, tiered, compressed oops, compressed class ptrs, g1 gc, windows-amd64)
GC Precious Log:
 CardTable entry size: 512
 Card Set container configuration: InlinePtr #cards 4 size 8 Array Of Cards #cards 32 size 80 Howl #buckets 8 coarsen threshold 7372 Howl Bitmap #cards 1024 size 144 coarsen threshold 921 Card regions per heap region 1 cards per card region 8192
 CPUs: 4 total, 4 available
 Memory: 7975M
 Large Page Support: Disabled
 NUMA Support: Disabled
 Compressed Oops: Enabled (Zero based)
 Heap Region Size: 4M
 Heap Min Capacity: 8M
 Heap Initial Capacity: 128M
 Heap Max Capacity: 8G
 Pre-touch: Disabled
 Parallel Workers: 4
 Concurrent Workers: 1
 Concurrent Refinement Workers: 4
 Periodic GC: Disabled
Heap:
 garbage-first heap   total 741376K, used 171641K [0x0000000600000000, 0x0000000800000000)
  region size 4096K, 1 young (4096K), 1 survivors (4096K)
 Metaspace       used 161237K, committed 163584K, reserved 1245184K
  class space    used 20649K, committed 21824K, reserved 1048576K
GC Heap History (20 events):
Event: 259.477 GC heap after
{Heap after GC invocations=111 (full 0):
 garbage-first heap   total 540672K, used 171567K [0x0000000600000000, 0x0000000800000000)
  region size 4096K, 5 young (20480K), 5 survivors (20480K)
 Metaspace       used 155540K, committed 157760K, reserved 1245184K
  class space    used 19961K, committed 21056K, reserved 1048576K
}
Event: 260.255 GC heap before
{Heap before GC invocations=112 (full 0):
 garbage-first heap   total 540672K, used 474671K [0x0000000600000000, 0x0000000800000000)
  region size 4096K, 79 young (323584K), 5 survivors (20480K)
 Metaspace       used 155562K, committed 157824K, reserved 1245184K
  class space    used 19961K, committed 21056K, reserved 1048576K
}
Event: 260.269 GC heap after
{Heap after GC invocations=113 (full 0):
 garbage-first heap   total 540672K, used 170726K [0x0000000600000000, 0x0000000800000000)
  region size 4096K, 5 young (20480K), 5 survivors (20480K)
 Metaspace       used 155562K, committed 157824K, reserved 1245184K
  class space    used 19961K, committed 21056K, reserved 1048576K
}
Event: 260.705 GC heap before
{Heap before GC invocations=113 (full 0):
 garbage-first heap   total 540672K, used 469734K [0x0000000600000000, 0x0000000800000000)
  region size 4096K, 79 young (323584K), 5 survivors (20480K)
 Metaspace       used 155570K, committed 157824K, reserved 1245184K
  class space    used 19962K, committed 21056K, reserved 1048576K
}
Event: 260.727 GC heap after
{Heap after GC invocations=114 (full 0):
 garbage-first heap   total 540672K, used 174151K [0x0000000600000000, 0x0000000800000000)
  region size 4096K, 6 young (24576K), 6 survivors (24576K)
 Metaspace       used 155570K, committed 157824K, reserved 1245184K
  class space    used 19962K, committed 21056K, reserved 1048576K
}
Event: 261.153 GC heap before
{Heap before GC invocations=114 (full 0):
 garbage-first heap   total 540672K, used 473159K [0x0000000600000000, 0x0000000800000000)
  region size 4096K, 79 young (323584K), 6 survivors (24576K)
 Metaspace       used 155577K, committed 157824K, reserved 1245184K
  class space    used 19962K, committed 21056K, reserved 1048576K
}
Event: 261.169 GC heap after
{Heap after GC invocations=115 (full 0):
 garbage-first heap   total 741376K, used 176056K [0x0000000600000000, 0x0000000800000000)
  region size 4096K, 6 young (24576K), 6 survivors (24576K)
 Metaspace       used 155577K, committed 157824K, reserved 1245184K
  class space    used 19962K, committed 21056K, reserved 1048576K
}
Event: 262.275 GC heap before
{Heap before GC invocations=116 (full 0):
 garbage-first heap   total 602112K, used 511928K [0x0000000600000000, 0x0000000800000000)
  region size 4096K, 88 young (360448K), 6 survivors (24576K)
 Metaspace       used 155590K, committed 157824K, reserved 1245184K
  class space    used 19963K, committed 21056K, reserved 1048576K
}
Event: 262.283 GC heap after
{Heap after GC invocations=117 (full 0):
 garbage-first heap   total 602112K, used 163083K [0x0000000600000000, 0x0000000800000000)
  region size 4096K, 3 young (12288K), 3 survivors (12288K)
 Metaspace       used 155590K, committed 157824K, reserved 1245184K
  class space    used 19963K, committed 21056K, reserved 1048576K
}
Event: 264.175 GC heap before
{Heap before GC invocations=117 (full 0):
 garbage-first heap   total 602112K, used 511243K [0x0000000600000000, 0x0000000800000000)
  region size 4096K, 88 young (360448K), 3 survivors (12288K)
 Metaspace       used 155600K, committed 157888K, reserved 1245184K
  class space    used 19963K, committed 21056K, reserved 1048576K
}
Event: 264.189 GC heap after
{Heap after GC invocations=118 (full 0):
 garbage-first heap   total 602112K, used 167987K [0x0000000600000000, 0x0000000800000000)
  region size 4096K, 4 young (16384K), 4 survivors (16384K)
 Metaspace       used 155600K, committed 157888K, reserved 1245184K
  class space    used 19963K, committed 21056K, reserved 1048576K
}
Event: 265.412 GC heap before
{Heap before GC invocations=118 (full 0):
 garbage-first heap   total 602112K, used 512051K [0x0000000600000000, 0x0000000800000000)
  region size 4096K, 88 young (360448K), 4 survivors (16384K)
 Metaspace       used 155600K, committed 157888K, reserved 1245184K
  class space    used 19963K, committed 21056K, reserved 1048576K
}
Event: 265.438 GC heap after
{Heap after GC invocations=119 (full 0):
 garbage-first heap   total 602112K, used 167360K [0x0000000600000000, 0x0000000800000000)
  region size 4096K, 5 young (20480K), 5 survivors (20480K)
 Metaspace       used 155600K, committed 157888K, reserved 1245184K
  class space    used 19963K, committed 21056K, reserved 1048576K
}
Event: 268.523 GC heap before
{Heap before GC invocations=119 (full 0):
 garbage-first heap   total 602112K, used 507328K [0x0000000600000000, 0x0000000800000000)
  region size 4096K, 88 young (360448K), 5 survivors (20480K)
 Metaspace       used 155646K, committed 157888K, reserved 1245184K
  class space    used 19967K, committed 21056K, reserved 1048576K
}
Event: 268.549 GC heap after
{Heap after GC invocations=120 (full 0):
 garbage-first heap   total 602112K, used 167034K [0x0000000600000000, 0x0000000800000000)
  region size 4096K, 7 young (28672K), 7 survivors (28672K)
 Metaspace       used 155646K, committed 157888K, reserved 1245184K
  class space    used 19967K, committed 21056K, reserved 1048576K
}
Event: 393.880 GC heap before
{Heap before GC invocations=120 (full 0):
 garbage-first heap   total 602112K, used 498810K [0x0000000600000000, 0x0000000800000000)
  region size 4096K, 88 young (360448K), 7 survivors (28672K)
 Metaspace       used 161171K, committed 163520K, reserved 1245184K
  class space    used 20647K, committed 21824K, reserved 1048576K
}
Event: 397.513 GC heap after
{Heap after GC invocations=121 (full 0):
 garbage-first heap   total 602112K, used 172417K [0x0000000600000000, 0x0000000800000000)
  region size 4096K, 8 young (32768K), 8 survivors (32768K)
 Metaspace       used 161171K, committed 163520K, reserved 1245184K
  class space    used 20647K, committed 21824K, reserved 1048576K
}
Event: 397.740 GC heap before
{Heap before GC invocations=121 (full 0):
 garbage-first heap   total 602112K, used 176513K [0x0000000600000000, 0x0000000800000000)
  region size 4096K, 9 young (36864K), 8 survivors (32768K)
 Metaspace       used 161176K, committed 163520K, reserved 1245184K
  class space    used 20649K, committed 21824K, reserved 1048576K
}
Event: 397.834 GC heap after
{Heap after GC invocations=122 (full 0):
 garbage-first heap   total 602112K, used 173440K [0x0000000600000000, 0x0000000800000000)
  region size 4096K, 1 young (4096K), 1 survivors (4096K)
 Metaspace       used 161176K, committed 163520K, reserved 1245184K
  class space    used 20649K, committed 21824K, reserved 1048576K
}
Event: 406.209 GC heap before
{Heap before GC invocations=122 (full 0):
 garbage-first heap   total 602112K, used 198016K [0x0000000600000000, 0x0000000800000000)
  region size 4096K, 7 young (28672K), 1 survivors (4096K)
 Metaspace       used 161237K, committed 163584K, reserved 1245184K
  class space    used 20649K, committed 21824K, reserved 1048576K
}

