# JRE version: OpenJDK Runtime Environment Temurin-21.0.11+10 (21.0.11+10) (build 21.0.11+10-LTS)
# Java VM: OpenJDK 64-Bit Server VM Temurin-21.0.11+10 (21.0.11+10-LTS, mixed mode, sharing, tiered, compressed oops, compressed class ptrs, parallel gc, windows-amd64)
GC Precious Log:
 CardTable entry size: 512
 CPUs: 4 total, 4 available
 Memory: 7975M
 Large Page Support: Disabled
 NUMA Support: Disabled
 Compressed Oops: Enabled (32-bit)
 Alignments: Space 512K, Generation 512K, Heap 2M
 Heap Min Capacity: 100M
 Heap Initial Capacity: 100M
 Heap Max Capacity: 2G
 Pre-touch: Disabled
 Parallel Workers: 4
Heap:
 PSYoungGen      total 17408K, used 10200K [0x00000000d5580000, 0x00000000d6a00000, 0x0000000100000000)
  eden space 16896K, 58% used [0x00000000d5580000,0x00000000d5f3a0f0,0x00000000d6600000)
  from space 512K, 46% used [0x00000000d6980000,0x00000000d69bc010,0x00000000d6a00000)
  to   space 512K, 0% used [0x00000000d6900000,0x00000000d6900000,0x00000000d6980000)
 ParOldGen       total 68608K, used 51637K [0x0000000080000000, 0x0000000084300000, 0x00000000d5580000)
  object space 68608K, 75% used [0x0000000080000000,0x000000008326d708,0x0000000084300000)
 Metaspace       used 43260K, committed 44352K, reserved 1114112K
  class space    used 4164K, committed 4672K, reserved 1048576K
GC Heap History (20 events):
Event: 333.589 GC heap before
{Heap before GC invocations=41 (full 2):
 PSYoungGen      total 17920K, used 17805K [0x00000000d5580000, 0x00000000d6900000, 0x0000000100000000)
  eden space 16896K, 99% used [0x00000000d5580000,0x00000000d65ffff8,0x00000000d6600000)
  from space 1024K, 88% used [0x00000000d6800000,0x00000000d68e3510,0x00000000d6900000)
  to   space 1024K, 0% used [0x00000000d6700000,0x00000000d6700000,0x00000000d6800000)
 ParOldGen       total 68608K, used 44959K [0x0000000080000000, 0x0000000084300000, 0x00000000d5580000)
  object space 68608K, 65% used [0x0000000080000000,0x0000000082be7c40,0x0000000084300000)
 Metaspace       used 42744K, committed 43840K, reserved 1114112K
  class space    used 4123K, committed 4608K, reserved 1048576K
}
Event: 333.591 GC heap after
{Heap after GC invocations=41 (full 2):
 PSYoungGen      total 17408K, used 384K [0x00000000d5580000, 0x00000000d6880000, 0x0000000100000000)
  eden space 16896K, 0% used [0x00000000d5580000,0x00000000d5580000,0x00000000d6600000)
  from space 512K, 75% used [0x00000000d6700000,0x00000000d6760000,0x00000000d6780000)
  to   space 1024K, 0% used [0x00000000d6780000,0x00000000d6780000,0x00000000d6880000)
 ParOldGen       total 68608K, used 45812K [0x0000000080000000, 0x0000000084300000, 0x00000000d5580000)
  object space 68608K, 66% used [0x0000000080000000,0x0000000082cbd150,0x0000000084300000)
 Metaspace       used 42744K, committed 43840K, reserved 1114112K
  class space    used 4123K, committed 4608K, reserved 1048576K
}
Event: 334.824 GC heap before
{Heap before GC invocations=42 (full 2):
 PSYoungGen      total 17408K, used 17280K [0x00000000d5580000, 0x00000000d6880000, 0x0000000100000000)
  eden space 16896K, 100% used [0x00000000d5580000,0x00000000d6600000,0x00000000d6600000)
  from space 512K, 75% used [0x00000000d6700000,0x00000000d6760000,0x00000000d6780000)
  to   space 1024K, 0% used [0x00000000d6780000,0x00000000d6780000,0x00000000d6880000)
 ParOldGen       total 68608K, used 45812K [0x0000000080000000, 0x0000000084300000, 0x00000000d5580000)
  object space 68608K, 66% used [0x0000000080000000,0x0000000082cbd150,0x0000000084300000)
 Metaspace       used 42746K, committed 43840K, reserved 1114112K
  class space    used 4123K, committed 4608K, reserved 1048576K
}
Event: 334.824 GC heap after
{Heap after GC invocations=42 (full 2):
 PSYoungGen      total 17408K, used 128K [0x00000000d5580000, 0x00000000d6800000, 0x0000000100000000)
  eden space 16896K, 0% used [0x00000000d5580000,0x00000000d5580000,0x00000000d6600000)
  from space 512K, 25% used [0x00000000d6780000,0x00000000d67a0000,0x00000000d6800000)
  to   space 512K, 0% used [0x00000000d6700000,0x00000000d6700000,0x00000000d6780000)
 ParOldGen       total 68608K, used 46022K [0x0000000080000000, 0x0000000084300000, 0x00000000d5580000)
  object space 68608K, 67% used [0x0000000080000000,0x0000000082cf1858,0x0000000084300000)
 Metaspace       used 42746K, committed 43840K, reserved 1114112K
  class space    used 4123K, committed 4608K, reserved 1048576K
}
Event: 335.722 GC heap before
{Heap before GC invocations=43 (full 2):
 PSYoungGen      total 17408K, used 17024K [0x00000000d5580000, 0x00000000d6800000, 0x0000000100000000)
  eden space 16896K, 100% used [0x00000000d5580000,0x00000000d6600000,0x00000000d6600000)
  from space 512K, 25% used [0x00000000d6780000,0x00000000d67a0000,0x00000000d6800000)
  to   space 512K, 0% used [0x00000000d6700000,0x00000000d6700000,0x00000000d6780000)
 ParOldGen       total 68608K, used 46022K [0x0000000080000000, 0x0000000084300000, 0x00000000d5580000)
  object space 68608K, 67% used [0x0000000080000000,0x0000000082cf1858,0x0000000084300000)
 Metaspace       used 42825K, committed 43904K, reserved 1114112K
  class space    used 4123K, committed 4608K, reserved 1048576K
}
Event: 335.754 GC heap after
{Heap after GC invocations=43 (full 2):
 PSYoungGen      total 17408K, used 482K [0x00000000d5580000, 0x00000000d6f00000, 0x0000000100000000)
  eden space 16896K, 0% used [0x00000000d5580000,0x00000000d5580000,0x00000000d6600000)
  from space 512K, 94% used [0x00000000d6700000,0x00000000d6778b60,0x00000000d6780000)
  to   space 4608K, 0% used [0x00000000d6a80000,0x00000000d6a80000,0x00000000d6f00000)
 ParOldGen       total 68608K, used 49202K [0x0000000080000000, 0x0000000084300000, 0x00000000d5580000)
  object space 68608K, 71% used [0x0000000080000000,0x000000008300cb58,0x0000000084300000)
 Metaspace       used 42825K, committed 43904K, reserved 1114112K
  class space    used 4123K, committed 4608K, reserved 1048576K
}
Event: 381.819 GC heap before
{Heap before GC invocations=44 (full 2):
 PSYoungGen      total 17408K, used 17378K [0x00000000d5580000, 0x00000000d6f00000, 0x0000000100000000)
  eden space 16896K, 100% used [0x00000000d5580000,0x00000000d6600000,0x00000000d6600000)
  from space 512K, 94% used [0x00000000d6700000,0x00000000d6778b60,0x00000000d6780000)
  to   space 4608K, 0% used [0x00000000d6a80000,0x00000000d6a80000,0x00000000d6f00000)
 ParOldGen       total 68608K, used 49202K [0x0000000080000000, 0x0000000084300000, 0x00000000d5580000)
  object space 68608K, 71% used [0x0000000080000000,0x000000008300cb58,0x0000000084300000)
 Metaspace       used 42930K, committed 44032K, reserved 1114112K
  class space    used 4123K, committed 4608K, reserved 1048576K
}
Event: 381.821 GC heap after
{Heap after GC invocations=44 (full 2):
 PSYoungGen      total 18432K, used 1357K [0x00000000d5580000, 0x00000000d6c00000, 0x0000000100000000)
  eden space 16896K, 0% used [0x00000000d5580000,0x00000000d5580000,0x00000000d6600000)
  from space 1536K, 88% used [0x00000000d6a80000,0x00000000d6bd3550,0x00000000d6c00000)
  to   space 2560K, 0% used [0x00000000d6700000,0x00000000d6700000,0x00000000d6980000)
 ParOldGen       total 68608K, used 49693K [0x0000000080000000, 0x0000000084300000, 0x00000000d5580000)
  object space 68608K, 72% used [0x0000000080000000,0x00000000830876b8,0x0000000084300000)
 Metaspace       used 42930K, committed 44032K, reserved 1114112K
  class space    used 4123K, committed 4608K, reserved 1048576K
}
Event: 385.841 GC heap before
{Heap before GC invocations=45 (full 2):
 PSYoungGen      total 18432K, used 18253K [0x00000000d5580000, 0x00000000d6c00000, 0x0000000100000000)
  eden space 16896K, 100% used [0x00000000d5580000,0x00000000d6600000,0x00000000d6600000)
  from space 1536K, 88% used [0x00000000d6a80000,0x00000000d6bd3550,0x00000000d6c00000)
  to   space 2560K, 0% used [0x00000000d6700000,0x00000000d6700000,0x00000000d6980000)
 ParOldGen       total 68608K, used 49693K [0x0000000080000000, 0x0000000084300000, 0x00000000d5580000)
  object space 68608K, 72% used [0x0000000080000000,0x00000000830876b8,0x0000000084300000)
 Metaspace       used 42951K, committed 44032K, reserved 1114112K
  class space    used 4123K, committed 4608K, reserved 1048576K
}
Event: 385.843 GC heap after
{Heap after GC invocations=45 (full 2):
 PSYoungGen      total 19456K, used 973K [0x00000000d5580000, 0x00000000d6b00000, 0x0000000100000000)
  eden space 16896K, 0% used [0x00000000d5580000,0x00000000d5580000,0x00000000d6600000)
  from space 2560K, 38% used [0x00000000d6700000,0x00000000d67f3510,0x00000000d6980000)
  to   space 1536K, 0% used [0x00000000d6980000,0x00000000d6980000,0x00000000d6b00000)
 ParOldGen       total 68608K, used 50194K [0x0000000080000000, 0x0000000084300000, 0x00000000d5580000)
  object space 68608K, 73% used [0x0000000080000000,0x0000000083104928,0x0000000084300000)
 Metaspace       used 42951K, committed 44032K, reserved 1114112K
  class space    used 4123K, committed 4608K, reserved 1048576K
}
Event: 391.435 GC heap before
{Heap before GC invocations=46 (full 2):
 PSYoungGen      total 19456K, used 17869K [0x00000000d5580000, 0x00000000d6b00000, 0x0000000100000000)
  eden space 16896K, 100% used [0x00000000d5580000,0x00000000d6600000,0x00000000d6600000)
  from space 2560K, 38% used [0x00000000d6700000,0x00000000d67f3510,0x00000000d6980000)
  to   space 1536K, 0% used [0x00000000d6980000,0x00000000d6980000,0x00000000d6b00000)
 ParOldGen       total 68608K, used 50194K [0x0000000080000000, 0x0000000084300000, 0x00000000d5580000)
  object space 68608K, 73% used [0x0000000080000000,0x0000000083104928,0x0000000084300000)
 Metaspace       used 42973K, committed 44032K, reserved 1114112K
  class space    used 4123K, committed 4608K, reserved 1048576K
}
Event: 391.437 GC heap after
{Heap after GC invocations=46 (full 2):
 PSYoungGen      total 17920K, used 973K [0x00000000d5580000, 0x00000000d6a80000, 0x0000000100000000)
  eden space 16896K, 0% used [0x00000000d5580000,0x00000000d5580000,0x00000000d6600000)
  from space 1024K, 95% used [0x00000000d6980000,0x00000000d6a73510,0x00000000d6a80000)
  to   space 1024K, 0% used [0x00000000d6880000,0x00000000d6880000,0x00000000d6980000)
 ParOldGen       total 68608K, used 50266K [0x0000000080000000, 0x0000000084300000, 0x00000000d5580000)
  object space 68608K, 73% used [0x0000000080000000,0x0000000083116928,0x0000000084300000)
 Metaspace       used 42973K, committed 44032K, reserved 1114112K
  class space    used 4123K, committed 4608K, reserved 1048576K
}
Event: 393.335 GC heap before
{Heap before GC invocations=47 (full 2):
 PSYoungGen      total 17920K, used 17869K [0x00000000d5580000, 0x00000000d6a80000, 0x0000000100000000)
  eden space 16896K, 100% used [0x00000000d5580000,0x00000000d6600000,0x00000000d6600000)
  from space 1024K, 95% used [0x00000000d6980000,0x00000000d6a73510,0x00000000d6a80000)
  to   space 1024K, 0% used [0x00000000d6880000,0x00000000d6880000,0x00000000d6980000)
 ParOldGen       total 68608K, used 50266K [0x0000000080000000, 0x0000000084300000, 0x00000000d5580000)
  object space 68608K, 73% used [0x0000000080000000,0x0000000083116928,0x0000000084300000)
 Metaspace       used 42985K, committed 44096K, reserved 1114112K
  class space    used 4123K, committed 4608K, reserved 1048576K
}
Event: 393.336 GC heap after
{Heap after GC invocations=47 (full 2):
 PSYoungGen      total 17920K, used 909K [0x00000000d5580000, 0x00000000d6a00000, 0x0000000100000000)
  eden space 16896K, 0% used [0x00000000d5580000,0x00000000d5580000,0x00000000d6600000)
  from space 1024K, 88% used [0x00000000d6880000,0x00000000d6963510,0x00000000d6980000)
  to   space 512K, 0% used [0x00000000d6980000,0x00000000d6980000,0x00000000d6a00000)
 ParOldGen       total 68608K, used 50346K [0x0000000080000000, 0x0000000084300000, 0x00000000d5580000)
  object space 68608K, 73% used [0x0000000080000000,0x000000008312a928,0x0000000084300000)
 Metaspace       used 42985K, committed 44096K, reserved 1114112K
  class space    used 4123K, committed 4608K, reserved 1048576K
}
Event: 404.479 GC heap before
{Heap before GC invocations=48 (full 2):
 PSYoungGen      total 17920K, used 17805K [0x00000000d5580000, 0x00000000d6a00000, 0x0000000100000000)
  eden space 16896K, 100% used [0x00000000d5580000,0x00000000d6600000,0x00000000d6600000)
  from space 1024K, 88% used [0x00000000d6880000,0x00000000d6963510,0x00000000d6980000)
  to   space 512K, 0% used [0x00000000d6980000,0x00000000d6980000,0x00000000d6a00000)
 ParOldGen       total 68608K, used 50346K [0x0000000080000000, 0x0000000084300000, 0x00000000d5580000)
  object space 68608K, 73% used [0x0000000080000000,0x000000008312a928,0x0000000084300000)
 Metaspace       used 43025K, committed 44096K, reserved 1114112K
  class space    used 4128K, committed 4608K, reserved 1048576K
}
Event: 404.482 GC heap after
{Heap after GC invocations=48 (full 2):
 PSYoungGen      total 17408K, used 320K [0x00000000d5580000, 0x00000000d6a00000, 0x0000000100000000)
  eden space 16896K, 0% used [0x00000000d5580000,0x00000000d5580000,0x00000000d6600000)
  from space 512K, 62% used [0x00000000d6980000,0x00000000d69d0000,0x00000000d6a00000)
  to   space 1024K, 0% used [0x00000000d6800000,0x00000000d6800000,0x00000000d6900000)
 ParOldGen       total 68608K, used 51167K [0x0000000080000000, 0x0000000084300000, 0x00000000d5580000)
  object space 68608K, 74% used [0x0000000080000000,0x00000000831f7e38,0x0000000084300000)
 Metaspace       used 43025K, committed 44096K, reserved 1114112K
  class space    used 4128K, committed 4608K, reserved 1048576K
}
Event: 406.001 GC heap before
{Heap before GC invocations=49 (full 2):
 PSYoungGen      total 17408K, used 17216K [0x00000000d5580000, 0x00000000d6a00000, 0x0000000100000000)
  eden space 16896K, 100% used [0x00000000d5580000,0x00000000d6600000,0x00000000d6600000)
  from space 512K, 62% used [0x00000000d6980000,0x00000000d69d0000,0x00000000d6a00000)
  to   space 1024K, 0% used [0x00000000d6800000,0x00000000d6800000,0x00000000d6900000)
 ParOldGen       total 68608K, used 51167K [0x0000000080000000, 0x0000000084300000, 0x00000000d5580000)
  object space 68608K, 74% used [0x0000000080000000,0x00000000831f7e38,0x0000000084300000)
 Metaspace       used 43058K, committed 44096K, reserved 1114112K
  class space    used 4135K, committed 4608K, reserved 1048576K
}
Event: 406.005 GC heap after
{Heap after GC invocations=49 (full 2):
 PSYoungGen      total 17920K, used 352K [0x00000000d5580000, 0x00000000d6a00000, 0x0000000100000000)
  eden space 16896K, 0% used [0x00000000d5580000,0x00000000d5580000,0x00000000d6600000)
  from space 1024K, 34% used [0x00000000d6800000,0x00000000d6858000,0x00000000d6900000)
  to   space 512K, 0% used [0x00000000d6980000,0x00000000d6980000,0x00000000d6a00000)
 ParOldGen       total 68608K, used 51365K [0x0000000080000000, 0x0000000084300000, 0x00000000d5580000)
  object space 68608K, 74% used [0x0000000080000000,0x0000000083229660,0x0000000084300000)
 Metaspace       used 43058K, committed 44096K, reserved 1114112K
  class space    used 4135K, committed 4608K, reserved 1048576K
}
Event: 408.847 GC heap before
{Heap before GC invocations=50 (full 2):
 PSYoungGen      total 17920K, used 17248K [0x00000000d5580000, 0x00000000d6a00000, 0x0000000100000000)
  eden space 16896K, 100% used [0x00000000d5580000,0x00000000d6600000,0x00000000d6600000)
  from space 1024K, 34% used [0x00000000d6800000,0x00000000d6858000,0x00000000d6900000)
  to   space 512K, 0% used [0x00000000d6980000,0x00000000d6980000,0x00000000d6a00000)
 ParOldGen       total 68608K, used 51365K [0x0000000080000000, 0x0000000084300000, 0x00000000d5580000)
  object space 68608K, 74% used [0x0000000080000000,0x0000000083229660,0x0000000084300000)
 Metaspace       used 43129K, committed 44288K, reserved 1114112K
  class space    used 4145K, committed 4672K, reserved 1048576K
}
Event: 408.849 GC heap after
{Heap after GC invocations=50 (full 2):
 PSYoungGen      total 17408K, used 240K [0x00000000d5580000, 0x00000000d6a00000, 0x0000000100000000)
  eden space 16896K, 0% used [0x00000000d5580000,0x00000000d5580000,0x00000000d6600000)
  from space 512K, 46% used [0x00000000d6980000,0x00000000d69bc010,0x00000000d6a00000)
  to   space 512K, 0% used [0x00000000d6900000,0x00000000d6900000,0x00000000d6980000)
 ParOldGen       total 68608K, used 51637K [0x0000000080000000, 0x0000000084300000, 0x00000000d5580000)
  object space 68608K, 75% used [0x0000000080000000,0x000000008326d708,0x0000000084300000)
 Metaspace       used 43129K, committed 44288K, reserved 1114112K
  class space    used 4145K, committed 4672K, reserved 1048576K
}

